Using pre-set license
Built from '2021.3/staging' branch; Version is '2021.3.22f1 (b6c551784ba3) revision 11978065'; Using compiler version '192829333'; Build Type 'Release'
OS: 'Windows 10  (10.0.19045) 64bit Professional' Language: 'ru' Physical Memory: 15679 MB
BatchMode: 1, IsHumanControllingUs: 0, StartBugReporterOnCrash: 0, Is64bit: 1, IsPro: 1

COMMAND LINE ARGUMENTS:
D:\Unity\2021.3.22f1\Editor\Unity.exe
-adb2
-batchMode
-noUpm
-name
AssetImportWorker2
-projectPath
C:/Users/Ermak/Desktop/Ucheba/6sem/Unity/UnityGame-Basketball
-logFile
Logs/AssetImportWorker2.log
-srvPort
1177
Successfully changed project path to: C:/Users/Ermak/Desktop/Ucheba/6sem/Unity/UnityGame-Basketball
C:/Users/Ermak/Desktop/Ucheba/6sem/Unity/UnityGame-Basketball
[UnityMemory] Configuration Parameters - Can be set up in boot.config
    "memorysetup-bucket-allocator-granularity=16"
    "memorysetup-bucket-allocator-bucket-count=8"
    "memorysetup-bucket-allocator-block-size=33554432"
    "memorysetup-bucket-allocator-block-count=8"
    "memorysetup-main-allocator-block-size=16777216"
    "memorysetup-thread-allocator-block-size=16777216"
    "memorysetup-gfx-main-allocator-block-size=16777216"
    "memorysetup-gfx-thread-allocator-block-size=16777216"
    "memorysetup-cache-allocator-block-size=4194304"
    "memorysetup-typetree-allocator-block-size=2097152"
    "memorysetup-profiler-bucket-allocator-granularity=16"
    "memorysetup-profiler-bucket-allocator-bucket-count=8"
    "memorysetup-profiler-bucket-allocator-block-size=33554432"
    "memorysetup-profiler-bucket-allocator-block-count=8"
    "memorysetup-profiler-allocator-block-size=16777216"
    "memorysetup-profiler-editor-allocator-block-size=1048576"
    "memorysetup-temp-allocator-size-main=16777216"
    "memorysetup-job-temp-allocator-block-size=2097152"
    "memorysetup-job-temp-allocator-block-size-background=1048576"
    "memorysetup-job-temp-allocator-reduction-small-platforms=262144"
    "memorysetup-temp-allocator-size-background-worker=32768"
    "memorysetup-temp-allocator-size-job-worker=262144"
    "memorysetup-temp-allocator-size-preload-manager=33554432"
    "memorysetup-temp-allocator-size-nav-mesh-worker=65536"
    "memorysetup-temp-allocator-size-audio-worker=65536"
    "memorysetup-temp-allocator-size-cloud-worker=32768"
    "memorysetup-temp-allocator-size-gi-baking-worker=262144"
    "memorysetup-temp-allocator-size-gfx=262144"
Player connection [12908] Host "[IP] 192.168.1.29 [Port] 0 [Flags] 2 [Guid] 2472474927 [EditorId] 2472474927 [Version] 1048832 [Id] WindowsEditor(7,HOME-PC) [Debug] 1 [PackageName] WindowsEditor [ProjectName] Editor" joined multi-casting on [225.0.0.222:54997]...

Player connection [12908] Host "[IP] 192.168.1.29 [Port] 0 [Flags] 2 [Guid] 2472474927 [EditorId] 2472474927 [Version] 1048832 [Id] WindowsEditor(7,HOME-PC) [Debug] 1 [PackageName] WindowsEditor [ProjectName] Editor" joined alternative multi-casting on [225.0.0.222:34997]...

Refreshing native plugins compatible for Editor in 89.71 ms, found 9 plugins.
Preloading 1 native plugins for Editor in 0.61 ms.
Initialize engine version: 2021.3.22f1 (b6c551784ba3)
[Subsystems] Discovering subsystems at path D:/Unity/2021.3.22f1/Editor/Data/Resources/UnitySubsystems
[Subsystems] Discovering subsystems at path C:/Users/Ermak/Desktop/Ucheba/6sem/Unity/UnityGame-Basketball/Assets
GfxDevice: creating device client; threaded=0; jobified=0
Direct3D:
    Version:  Direct3D 11.0 [level 11.1]
    Renderer: AMD Radeon(TM) Graphics (ID=0x164c)
    Vendor:   ATI
    VRAM:     7839 MB
    Driver:   31.0.14051.5006
Initialize mono
Mono path[0] = 'D:/Unity/2021.3.22f1/Editor/Data/Managed'
Mono path[1] = 'D:/Unity/2021.3.22f1/Editor/Data/MonoBleedingEdge/lib/mono/unityjit-win32'
Mono config path = 'D:/Unity/2021.3.22f1/Editor/Data/MonoBleedingEdge/etc'
Using monoOptions --debugger-agent=transport=dt_socket,embedding=1,server=y,suspend=n,address=127.0.0.1:56904
Begin MonoManager ReloadAssembly
Registering precompiled unity dll's ...
Register platform support module: D:/Unity/2021.3.22f1/Editor/Data/PlaybackEngines/WebGLSupport/UnityEditor.WebGL.Extensions.dll
Register platform support module: D:/Unity/2021.3.22f1/Editor/Data/PlaybackEngines/AndroidPlayer/UnityEditor.Android.Extensions.dll
Register platform support module: D:/Unity/2021.3.22f1/Editor/Data/PlaybackEngines/WindowsStandaloneSupport/UnityEditor.WindowsStandalone.Extensions.dll
Registered in 0.002399 seconds.
Native extension for WindowsStandalone target not found
Native extension for Android target not found
Android Extension - Scanning For ADB Devices 208 ms
Native extension for WebGL target not found
Refreshing native plugins compatible for Editor in 78.26 ms, found 9 plugins.
Preloading 1 native plugins for Editor in 0.07 ms.
Mono: successfully reloaded assembly
- Completed reload, in  0.815 seconds
Domain Reload Profiling:
	ReloadAssembly (815ms)
		BeginReloadAssembly (76ms)
			ExecutionOrderSort (0ms)
			DisableScriptedObjects (0ms)
			BackupInstance (0ms)
			ReleaseScriptingObjects (0ms)
			CreateAndSetChildDomain (1ms)
		EndReloadAssembly (651ms)
			LoadAssemblies (75ms)
			RebuildTransferFunctionScriptingTraits (0ms)
			SetupTypeCache (103ms)
			ReleaseScriptCaches (0ms)
			RebuildScriptCaches (30ms)
			SetupLoadedEditorAssemblies (474ms)
				LogAssemblyErrors (0ms)
				InitializePlatformSupportModulesInManaged (267ms)
				SetLoadedEditorAssemblies (0ms)
				RefreshPlugins (78ms)
				BeforeProcessingInitializeOnLoad (1ms)
				ProcessInitializeOnLoadAttributes (87ms)
				ProcessInitializeOnLoadMethodAttributes (40ms)
				AfterProcessingInitializeOnLoad (0ms)
				EditorAssembliesLoaded (0ms)
			ExecutionOrderSort2 (0ms)
			AwakeInstancesAfterBackupRestoration (0ms)
Platform modules already initialized, skipping
Registering precompiled user dll's ...
Registered in 0.004307 seconds.
Begin MonoManager ReloadAssembly
Symbol file LoadedFromMemory doesn't match image C:\Users\Ermak\Desktop\Ucheba\6sem\Unity\UnityGame-Basketball\Library\PackageCache\com.unity.visualscripting@1.8.0\Editor\VisualScripting.Core\Dependencies\DotNetZip\Unity.VisualScripting.IonicZip.dll
Symbol file LoadedFromMemory doesn't match image C:\Users\Ermak\Desktop\Ucheba\6sem\Unity\UnityGame-Basketball\Library\PackageCache\com.unity.visualscripting@1.8.0\Editor\VisualScripting.Core\Dependencies\YamlDotNet\Unity.VisualScripting.YamlDotNet.dll
Native extension for WindowsStandalone target not found
Native extension for Android target not found
Native extension for WebGL target not found
Refreshing native plugins compatible for Editor in 1.16 ms, found 9 plugins.
Preloading 1 native plugins for Editor in 0.13 ms.
Package Manager log level set to [2]
System.Reflection.TargetInvocationException: Exception has been thrown by the target of an invocation. ---> System.NullReferenceException: Object reference not set to an instance of an object
  at Unity.XR.Oculus.OculusLoader.AssetPathToAbsolutePath (System.String assetPath) [0x00040] in C:\Users\Ermak\Desktop\Ucheba\6sem\Unity\UnityGame-Basketball\Library\PackageCache\com.unity.xr.oculus@3.2.3\Runtime\OculusLoader.cs:296 
  at Unity.XR.Oculus.OculusLoader.EditorLoadOVRPlugin () [0x0007b] in C:\Users\Ermak\Desktop\Ucheba\6sem\Unity\UnityGame-Basketball\Library\PackageCache\com.unity.xr.oculus@3.2.3\Runtime\OculusLoader.cs:281 
  at (wrapper managed-to-native) System.Reflection.RuntimeMethodInfo.InternalInvoke(System.Reflection.RuntimeMethodInfo,object,object[],System.Exception&)
  at System.Reflection.RuntimeMethodInfo.Invoke (System.Object obj, System.Reflection.BindingFlags invokeAttr, System.Reflection.Binder binder, System.Object[] parameters, System.Globalization.CultureInfo culture) [0x0006a] in <88e4733ac7bc4ae1b496735e6b83bbd3>:0 
   --- End of inner exception stack trace ---
  at System.Reflection.RuntimeMethodInfo.Invoke (System.Object obj, System.Reflection.BindingFlags invokeAttr, System.Reflection.Binder binder, System.Object[] parameters, System.Globalization.CultureInfo culture) [0x00083] in <88e4733ac7bc4ae1b496735e6b83bbd3>:0 
  at System.Reflection.MethodBase.Invoke (System.Object obj, System.Object[] parameters) [0x00000] in <88e4733ac7bc4ae1b496735e6b83bbd3>:0 
  at UnityEditor.EditorAssemblies.ProcessInitializeOnLoadMethodAttributes () [0x000a5] in <964670f15c6b47f9b8f9340732720473>:0 
UnityEngine.StackTraceUtility:ExtractStackTrace ()
UnityEngine.DebugLogHandler:LogFormat (UnityEngine.LogType,UnityEngine.Object,string,object[])
UnityEngine.Logger:Log (UnityEngine.LogType,object)
UnityEngine.Debug:LogError (object)
UnityEditor.EditorAssemblies:ProcessInitializeOnLoadMethodAttributes ()

Mono: successfully reloaded assembly
- Completed reload, in  0.905 seconds
Domain Reload Profiling:
	ReloadAssembly (905ms)
		BeginReloadAssembly (101ms)
			ExecutionOrderSort (0ms)
			DisableScriptedObjects (6ms)
			BackupInstance (0ms)
			ReleaseScriptingObjects (0ms)
			CreateAndSetChildDomain (22ms)
		EndReloadAssembly (720ms)
			LoadAssemblies (71ms)
			RebuildTransferFunctionScriptingTraits (0ms)
			SetupTypeCache (221ms)
			ReleaseScriptCaches (1ms)
			RebuildScriptCaches (61ms)
			SetupLoadedEditorAssemblies (327ms)
				LogAssemblyErrors (0ms)
				InitializePlatformSupportModulesInManaged (16ms)
				SetLoadedEditorAssemblies (0ms)
				RefreshPlugins (1ms)
				BeforeProcessingInitializeOnLoad (70ms)
				ProcessInitializeOnLoadAttributes (203ms)
				ProcessInitializeOnLoadMethodAttributes (34ms)
				AfterProcessingInitializeOnLoad (2ms)
				EditorAssembliesLoaded (0ms)
			ExecutionOrderSort2 (0ms)
			AwakeInstancesAfterBackupRestoration (5ms)
Platform modules already initialized, skipping
========================================================================
Worker process is ready to serve import requests
Launched and connected shader compiler UnityShaderCompiler.exe after 0.04 seconds
Refreshing native plugins compatible for Editor in 0.93 ms, found 9 plugins.
Preloading 1 native plugins for Editor in 0.11 ms.
Unloading 3618 Unused Serialized files (Serialized files now loaded: 0)
Unloading 39 unused Assets / (57.7 KB). Loaded Objects now: 4105.
Memory consumption went from 145.0 MB to 145.0 MB.
Total: 3.580500 ms (FindLiveObjects: 0.533900 ms CreateObjectMapping: 0.387400 ms MarkObjects: 2.545500 ms  DeleteObjects: 0.111800 ms)

AssetImportParameters requested are different than current active one (requested -> active):
  custom:video-decoder-ogg-theora: a1e56fd34408186e4bbccfd4996cb3dc -> 
  custom:container-muxer-webm: aa71ff27fc2769a1b78a27578f13a17b -> 
  custom:container-demuxer-webm: 4f35f7cbe854078d1ac9338744f61a02 -> 
  custom:video-encoder-webm-vp8: eb34c28f22e8b96e1ab97ce403110664 -> 
  custom:audio-encoder-webm-vorbis: bf7c407c2cedff20999df2af8eb42d56 -> 
  custom:framework-win-MediaFoundation: 216162199b28c13a410421893ffa2e32 -> 
  custom:container-demuxer-ogg: 62fdf1f143b41e24485cea50d1cbac27 -> 
  custom:video-decoder-webm-vp8: 9c59270c3fd7afecdb556c50c9e8de78 -> 
  custom:audio-decoder-ogg-vorbis: bf7c407c2cedff20999df2af8eb42d56 -> 
========================================================================
Received Import Request.
  Time since last request: 17979.393401 seconds.
  path: Assets/SteamVR/InteractionSystem/Longbow/Prefabs/Balloon.prefab
  artifactKey: Guid(8e13c6e5a21aeea4db3c25ef0e529308) Importer(815301076,1909f56bfc062723c751e8b465ee728b)
Start importing Assets/SteamVR/InteractionSystem/Longbow/Prefabs/Balloon.prefab using Guid(8e13c6e5a21aeea4db3c25ef0e529308) Importer(815301076,1909f56bfc062723c751e8b465ee728b)  -> (artifact id: '2ce290de7a1dfed4330d5d39c2355397') in 0.302546 seconds 
========================================================================
Received Import Request.
  Time since last request: 1.130532 seconds.
  path: Assets/SteamVR/InteractionSystem/Samples/BuggyBuddy/Buggy.fbx
  artifactKey: Guid(f9203d611b7f1a94ba17ef2ec88e6447) Importer(815301076,1909f56bfc062723c751e8b465ee728b)
Start importing Assets/SteamVR/InteractionSystem/Samples/BuggyBuddy/Buggy.fbx using Guid(f9203d611b7f1a94ba17ef2ec88e6447) Importer(815301076,1909f56bfc062723c751e8b465ee728b)  -> (artifact id: 'eeec790536bfdfd23eddc1f8c351737c') in 0.133907 seconds 
========================================================================
Received Import Request.
  Time since last request: 1.348529 seconds.
  path: Assets/SteamVR/InteractionSystem/Samples/Prefabs/Button.prefab
  artifactKey: Guid(88075a54c7fb1484ba25db394b612917) Importer(815301076,1909f56bfc062723c751e8b465ee728b)
Start importing Assets/SteamVR/InteractionSystem/Samples/Prefabs/Button.prefab using Guid(88075a54c7fb1484ba25db394b612917) Importer(815301076,1909f56bfc062723c751e8b465ee728b)  -> (artifact id: 'db2d3dd97f234314f4d72eb12bba61bf') in 0.016952 seconds 
========================================================================
Received Import Request.
  Time since last request: 0.041828 seconds.
  path: Assets/FibrumSDK/Fibrum/VR_GUI/CanvasGUIPrefab.prefab
  artifactKey: Guid(203a247aac5d5de40964b4f4986230ba) Importer(815301076,1909f56bfc062723c751e8b465ee728b)
Start importing Assets/FibrumSDK/Fibrum/VR_GUI/CanvasGUIPrefab.prefab using Guid(203a247aac5d5de40964b4f4986230ba) Importer(815301076,1909f56bfc062723c751e8b465ee728b)  -> (artifact id: '390f034148130394a1cf69a037763e3f') in 0.014949 seconds 
========================================================================
Received Prepare
Registering precompiled user dll's ...
Registered in 0.006650 seconds.
Begin MonoManager ReloadAssembly
Symbol file LoadedFromMemory doesn't match image C:\Users\Ermak\Desktop\Ucheba\6sem\Unity\UnityGame-Basketball\Library\PackageCache\com.unity.visualscripting@1.8.0\Editor\VisualScripting.Core\Dependencies\DotNetZip\Unity.VisualScripting.IonicZip.dll
Symbol file LoadedFromMemory doesn't match image C:\Users\Ermak\Desktop\Ucheba\6sem\Unity\UnityGame-Basketball\Library\PackageCache\com.unity.visualscripting@1.8.0\Editor\VisualScripting.Core\Dependencies\YamlDotNet\Unity.VisualScripting.YamlDotNet.dll
Native extension for WindowsStandalone target not found
Native extension for Android target not found
Native extension for WebGL target not found
Refreshing native plugins compatible for Editor in 1.23 ms, found 9 plugins.
Preloading 1 native plugins for Editor in 0.12 ms.
System.Reflection.TargetInvocationException: Exception has been thrown by the target of an invocation. ---> System.NullReferenceException: Object reference not set to an instance of an object
  at Unity.XR.Oculus.OculusLoader.AssetPathToAbsolutePath (System.String assetPath) [0x00040] in C:\Users\Ermak\Desktop\Ucheba\6sem\Unity\UnityGame-Basketball\Library\PackageCache\com.unity.xr.oculus@3.2.3\Runtime\OculusLoader.cs:296 
  at Unity.XR.Oculus.OculusLoader.EditorLoadOVRPlugin () [0x0007b] in C:\Users\Ermak\Desktop\Ucheba\6sem\Unity\UnityGame-Basketball\Library\PackageCache\com.unity.xr.oculus@3.2.3\Runtime\OculusLoader.cs:281 
  at (wrapper managed-to-native) System.Reflection.RuntimeMethodInfo.InternalInvoke(System.Reflection.RuntimeMethodInfo,object,object[],System.Exception&)
  at System.Reflection.RuntimeMethodInfo.Invoke (System.Object obj, System.Reflection.BindingFlags invokeAttr, System.Reflection.Binder binder, System.Object[] parameters, System.Globalization.CultureInfo culture) [0x0006a] in <88e4733ac7bc4ae1b496735e6b83bbd3>:0 
   --- End of inner exception stack trace ---
  at System.Reflection.RuntimeMethodInfo.Invoke (System.Object obj, System.Reflection.BindingFlags invokeAttr, System.Reflection.Binder binder, System.Object[] parameters, System.Globalization.CultureInfo culture) [0x00083] in <88e4733ac7bc4ae1b496735e6b83bbd3>:0 
  at System.Reflection.MethodBase.Invoke (System.Object obj, System.Object[] parameters) [0x00000] in <88e4733ac7bc4ae1b496735e6b83bbd3>:0 
  at UnityEditor.EditorAssemblies.ProcessInitializeOnLoadMethodAttributes () [0x000a5] in <964670f15c6b47f9b8f9340732720473>:0 
UnityEngine.StackTraceUtility:ExtractStackTrace ()
UnityEngine.DebugLogHandler:LogFormat (UnityEngine.LogType,UnityEngine.Object,string,object[])
UnityEngine.Logger:Log (UnityEngine.LogType,object)
UnityEngine.Debug:LogError (object)
UnityEditor.EditorAssemblies:ProcessInitializeOnLoadMethodAttributes ()

Mono: successfully reloaded assembly
- Completed reload, in  0.885 seconds
Domain Reload Profiling:
	ReloadAssembly (885ms)
		BeginReloadAssembly (126ms)
			ExecutionOrderSort (0ms)
			DisableScriptedObjects (4ms)
			BackupInstance (0ms)
			ReleaseScriptingObjects (0ms)
			CreateAndSetChildDomain (38ms)
		EndReloadAssembly (673ms)
			LoadAssemblies (78ms)
			RebuildTransferFunctionScriptingTraits (0ms)
			SetupTypeCache (222ms)
			ReleaseScriptCaches (2ms)
			RebuildScriptCaches (41ms)
			SetupLoadedEditorAssemblies (288ms)
				LogAssemblyErrors (0ms)
				InitializePlatformSupportModulesInManaged (17ms)
				SetLoadedEditorAssemblies (0ms)
				RefreshPlugins (1ms)
				BeforeProcessingInitializeOnLoad (53ms)
				ProcessInitializeOnLoadAttributes (178ms)
				ProcessInitializeOnLoadMethodAttributes (36ms)
				AfterProcessingInitializeOnLoad (2ms)
				EditorAssembliesLoaded (0ms)
			ExecutionOrderSort2 (0ms)
			AwakeInstancesAfterBackupRestoration (6ms)
Platform modules already initialized, skipping
Refreshing native plugins compatible for Editor in 2.79 ms, found 9 plugins.
Preloading 1 native plugins for Editor in 0.05 ms.
Unloading 3576 Unused Serialized files (Serialized files now loaded: 0)
Unloading 36 unused Assets / (82.3 KB). Loaded Objects now: 4123.
Memory consumption went from 147.2 MB to 147.1 MB.
Total: 3.756200 ms (FindLiveObjects: 0.315200 ms CreateObjectMapping: 0.092700 ms MarkObjects: 3.216300 ms  DeleteObjects: 0.130400 ms)

AssetImportParameters requested are different than current active one (requested -> active):
  custom:video-decoder-ogg-theora: a1e56fd34408186e4bbccfd4996cb3dc -> 
  custom:container-muxer-webm: aa71ff27fc2769a1b78a27578f13a17b -> 
  custom:container-demuxer-webm: 4f35f7cbe854078d1ac9338744f61a02 -> 
  custom:video-encoder-webm-vp8: eb34c28f22e8b96e1ab97ce403110664 -> 
  custom:audio-encoder-webm-vorbis: bf7c407c2cedff20999df2af8eb42d56 -> 
  custom:framework-win-MediaFoundation: 216162199b28c13a410421893ffa2e32 -> 
  custom:container-demuxer-ogg: 62fdf1f143b41e24485cea50d1cbac27 -> 
  custom:video-decoder-webm-vp8: 9c59270c3fd7afecdb556c50c9e8de78 -> 
  custom:audio-decoder-ogg-vorbis: bf7c407c2cedff20999df2af8eb42d56 -> 
========================================================================
Received Import Request.
  Time since last request: 355.424136 seconds.
  path: Assets/BallController.cs
  artifactKey: Guid(63e5970fc0374f24d8f8b730f92cb41c) Importer(815301076,1909f56bfc062723c751e8b465ee728b)
Start importing Assets/BallController.cs using Guid(63e5970fc0374f24d8f8b730f92cb41c) Importer(815301076,1909f56bfc062723c751e8b465ee728b)  -> (artifact id: '749f0a74f4021099fc7f0a69cce2d7fd') in 0.014089 seconds 
========================================================================
Received Prepare
Registering precompiled user dll's ...
Registered in 0.004191 seconds.
Begin MonoManager ReloadAssembly
Symbol file LoadedFromMemory doesn't match image C:\Users\Ermak\Desktop\Ucheba\6sem\Unity\UnityGame-Basketball\Library\PackageCache\com.unity.visualscripting@1.8.0\Editor\VisualScripting.Core\Dependencies\DotNetZip\Unity.VisualScripting.IonicZip.dll
Symbol file LoadedFromMemory doesn't match image C:\Users\Ermak\Desktop\Ucheba\6sem\Unity\UnityGame-Basketball\Library\PackageCache\com.unity.visualscripting@1.8.0\Editor\VisualScripting.Core\Dependencies\YamlDotNet\Unity.VisualScripting.YamlDotNet.dll
Native extension for WindowsStandalone target not found
Native extension for Android target not found
Native extension for WebGL target not found
Refreshing native plugins compatible for Editor in 0.99 ms, found 9 plugins.
Preloading 1 native plugins for Editor in 0.11 ms.
System.Reflection.TargetInvocationException: Exception has been thrown by the target of an invocation. ---> System.NullReferenceException: Object reference not set to an instance of an object
  at Unity.XR.Oculus.OculusLoader.AssetPathToAbsolutePath (System.String assetPath) [0x00040] in C:\Users\Ermak\Desktop\Ucheba\6sem\Unity\UnityGame-Basketball\Library\PackageCache\com.unity.xr.oculus@3.2.3\Runtime\OculusLoader.cs:296 
  at Unity.XR.Oculus.OculusLoader.EditorLoadOVRPlugin () [0x0007b] in C:\Users\Ermak\Desktop\Ucheba\6sem\Unity\UnityGame-Basketball\Library\PackageCache\com.unity.xr.oculus@3.2.3\Runtime\OculusLoader.cs:281 
  at (wrapper managed-to-native) System.Reflection.RuntimeMethodInfo.InternalInvoke(System.Reflection.RuntimeMethodInfo,object,object[],System.Exception&)
  at System.Reflection.RuntimeMethodInfo.Invoke (System.Object obj, System.Reflection.BindingFlags invokeAttr, System.Reflection.Binder binder, System.Object[] parameters, System.Globalization.CultureInfo culture) [0x0006a] in <88e4733ac7bc4ae1b496735e6b83bbd3>:0 
   --- End of inner exception stack trace ---
  at System.Reflection.RuntimeMethodInfo.Invoke (System.Object obj, System.Reflection.BindingFlags invokeAttr, System.Reflection.Binder binder, System.Object[] parameters, System.Globalization.CultureInfo culture) [0x00083] in <88e4733ac7bc4ae1b496735e6b83bbd3>:0 
  at System.Reflection.MethodBase.Invoke (System.Object obj, System.Object[] parameters) [0x00000] in <88e4733ac7bc4ae1b496735e6b83bbd3>:0 
  at UnityEditor.EditorAssemblies.ProcessInitializeOnLoadMethodAttributes () [0x000a5] in <964670f15c6b47f9b8f9340732720473>:0 
UnityEngine.StackTraceUtility:ExtractStackTrace ()
UnityEngine.DebugLogHandler:LogFormat (UnityEngine.LogType,UnityEngine.Object,string,object[])
UnityEngine.Logger:Log (UnityEngine.LogType,object)
UnityEngine.Debug:LogError (object)
UnityEditor.EditorAssemblies:ProcessInitializeOnLoadMethodAttributes ()

Mono: successfully reloaded assembly
- Completed reload, in  0.961 seconds
Domain Reload Profiling:
	ReloadAssembly (962ms)
		BeginReloadAssembly (120ms)
			ExecutionOrderSort (0ms)
			DisableScriptedObjects (4ms)
			BackupInstance (0ms)
			ReleaseScriptingObjects (0ms)
			CreateAndSetChildDomain (34ms)
		EndReloadAssembly (758ms)
			LoadAssemblies (75ms)
			RebuildTransferFunctionScriptingTraits (0ms)
			SetupTypeCache (235ms)
			ReleaseScriptCaches (1ms)
			RebuildScriptCaches (42ms)
			SetupLoadedEditorAssemblies (351ms)
				LogAssemblyErrors (0ms)
				InitializePlatformSupportModulesInManaged (16ms)
				SetLoadedEditorAssemblies (0ms)
				RefreshPlugins (1ms)
				BeforeProcessingInitializeOnLoad (64ms)
				ProcessInitializeOnLoadAttributes (219ms)
				ProcessInitializeOnLoadMethodAttributes (46ms)
				AfterProcessingInitializeOnLoad (3ms)
				EditorAssembliesLoaded (0ms)
			ExecutionOrderSort2 (0ms)
			AwakeInstancesAfterBackupRestoration (8ms)
Platform modules already initialized, skipping
Refreshing native plugins compatible for Editor in 4.50 ms, found 9 plugins.
Preloading 1 native plugins for Editor in 0.07 ms.
Unloading 3576 Unused Serialized files (Serialized files now loaded: 0)
Unloading 30 unused Assets / (25.6 KB). Loaded Objects now: 4126.
Memory consumption went from 147.2 MB to 147.1 MB.
Total: 8.214200 ms (FindLiveObjects: 0.856200 ms CreateObjectMapping: 0.262500 ms MarkObjects: 7.003100 ms  DeleteObjects: 0.088400 ms)

AssetImportParameters requested are different than current active one (requested -> active):
  custom:video-decoder-ogg-theora: a1e56fd34408186e4bbccfd4996cb3dc -> 
  custom:container-muxer-webm: aa71ff27fc2769a1b78a27578f13a17b -> 
  custom:container-demuxer-webm: 4f35f7cbe854078d1ac9338744f61a02 -> 
  custom:video-encoder-webm-vp8: eb34c28f22e8b96e1ab97ce403110664 -> 
  custom:audio-encoder-webm-vorbis: bf7c407c2cedff20999df2af8eb42d56 -> 
  custom:framework-win-MediaFoundation: 216162199b28c13a410421893ffa2e32 -> 
  custom:container-demuxer-ogg: 62fdf1f143b41e24485cea50d1cbac27 -> 
  custom:video-decoder-webm-vp8: 9c59270c3fd7afecdb556c50c9e8de78 -> 
  custom:audio-decoder-ogg-vorbis: bf7c407c2cedff20999df2af8eb42d56 -> 
========================================================================
Received Import Request.
  Time since last request: 2221.847057 seconds.
  path: Assets/Scenes/MainMenu.unity
  artifactKey: Guid(ace10100fdcbf6340b7a4b54029b2fdd) Importer(815301076,1909f56bfc062723c751e8b465ee728b)
Start importing Assets/Scenes/MainMenu.unity using Guid(ace10100fdcbf6340b7a4b54029b2fdd) Importer(815301076,1909f56bfc062723c751e8b465ee728b)  -> (artifact id: '9c641820897eab15d66440bd78bb4097') in 0.009940 seconds 
========================================================================
Received Import Request.
  Time since last request: 393.719369 seconds.
  path: Assets/SteamVR/InteractionSystem/Longbow/Sounds/ArrowAir01.wav
  artifactKey: Guid(918ee1b51fd32d748a66d520586569ba) Importer(815301076,1909f56bfc062723c751e8b465ee728b)
Start importing Assets/SteamVR/InteractionSystem/Longbow/Sounds/ArrowAir01.wav using Guid(918ee1b51fd32d748a66d520586569ba) Importer(815301076,1909f56bfc062723c751e8b465ee728b)  -> (artifact id: '5b7eda8fda019c578c251aea9a0706ed') in 0.077254 seconds 
========================================================================
Received Import Request.
  Time since last request: 0.000037 seconds.
  path: Assets/SteamVR/InteractionSystem/Longbow/Sounds/ArrowAir05.wav
  artifactKey: Guid(526033aedfcd8fa4893bd857ca331979) Importer(815301076,1909f56bfc062723c751e8b465ee728b)
Start importing Assets/SteamVR/InteractionSystem/Longbow/Sounds/ArrowAir05.wav using Guid(526033aedfcd8fa4893bd857ca331979) Importer(815301076,1909f56bfc062723c751e8b465ee728b)  -> (artifact id: '0f86ac590aedb02330a214f282e58201') in 0.008435 seconds 
========================================================================
Received Import Request.
  Time since last request: 0.000040 seconds.
  path: Assets/SteamVR/InteractionSystem/Longbow/Sounds/ArrowAir04.wav
  artifactKey: Guid(adcc31e02dc74204c80c632b9844b681) Importer(815301076,1909f56bfc062723c751e8b465ee728b)
Start importing Assets/SteamVR/InteractionSystem/Longbow/Sounds/ArrowAir04.wav using Guid(adcc31e02dc74204c80c632b9844b681) Importer(815301076,1909f56bfc062723c751e8b465ee728b)  -> (artifact id: '741f12a740305bc3df990ce000cc15d2') in 0.008253 seconds 
========================================================================
Received Import Request.
  Time since last request: 0.000034 seconds.
  path: Assets/SteamVR/InteractionSystem/Longbow/Sounds/ArrowAir06.wav
  artifactKey: Guid(e3148a98a2496e64cb8712177bbcde71) Importer(815301076,1909f56bfc062723c751e8b465ee728b)
Start importing Assets/SteamVR/InteractionSystem/Longbow/Sounds/ArrowAir06.wav using Guid(e3148a98a2496e64cb8712177bbcde71) Importer(815301076,1909f56bfc062723c751e8b465ee728b)  -> (artifact id: 'fefccc6335341d65a48c1dc8a5bf9b27') in 0.015204 seconds 
========================================================================
Received Import Request.
  Time since last request: 1.065662 seconds.
  path: Assets/SteamVR/InteractionSystem/Longbow/Sounds/ArrowAir09.wav
  artifactKey: Guid(62bdcbc5f3d6b3f43844cc7b849f0448) Importer(815301076,1909f56bfc062723c751e8b465ee728b)
Start importing Assets/SteamVR/InteractionSystem/Longbow/Sounds/ArrowAir09.wav using Guid(62bdcbc5f3d6b3f43844cc7b849f0448) Importer(815301076,1909f56bfc062723c751e8b465ee728b)  -> (artifact id: '0b18fbafd91ac02ca59b8d565302c2c6') in 0.006895 seconds 
========================================================================
Received Import Request.
  Time since last request: 0.034557 seconds.
  path: Assets/SteamVR/InteractionSystem/Longbow/Sounds/ArrowFallGround02.wav
  artifactKey: Guid(46bb1e3e014c28740ae8c96427da5270) Importer(815301076,1909f56bfc062723c751e8b465ee728b)
Start importing Assets/SteamVR/InteractionSystem/Longbow/Sounds/ArrowFallGround02.wav using Guid(46bb1e3e014c28740ae8c96427da5270) Importer(815301076,1909f56bfc062723c751e8b465ee728b)  -> (artifact id: '613a8d2c384aa6978e2922bc827c5dfa') in 0.011133 seconds 
========================================================================
Received Import Request.
  Time since last request: 0.023417 seconds.
  path: Assets/SteamVR/InteractionSystem/Longbow/Sounds/ArrowFallGround04.wav
  artifactKey: Guid(cb0cd73b74d6f884bab13a472f547100) Importer(815301076,1909f56bfc062723c751e8b465ee728b)
Start importing Assets/SteamVR/InteractionSystem/Longbow/Sounds/ArrowFallGround04.wav using Guid(cb0cd73b74d6f884bab13a472f547100) Importer(815301076,1909f56bfc062723c751e8b465ee728b)  -> (artifact id: 'f2b42d25433387761e263bd569ba56b6') in 0.011231 seconds 
========================================================================
Received Import Request.
  Time since last request: 0.024113 seconds.
  path: Assets/SteamVR/InteractionSystem/Longbow/Sounds/ArrowFallGround06.wav
  artifactKey: Guid(9ad392a45efa3b14bbcc169371974cd7) Importer(815301076,1909f56bfc062723c751e8b465ee728b)
Start importing Assets/SteamVR/InteractionSystem/Longbow/Sounds/ArrowFallGround06.wav using Guid(9ad392a45efa3b14bbcc169371974cd7) Importer(815301076,1909f56bfc062723c751e8b465ee728b)  -> (artifact id: 'be44b5def3879880c0006920c891897a') in 0.011947 seconds 
Editor requested this worker to shutdown with reason: Scaling down because of idle timeout
AssetImportWorker is now disconnected from the server
Process exiting
Exiting without the bug reporter. Application will terminate with return code 0